<?xml version="1.0" encoding="UTF-8"?>
<testng-results skipped="0" failed="0" total="1" passed="1">
  <reporter-output>
  </reporter-output>
  <suite name="Example test run" duration-ms="50" started-at="2019-03-26T06:37:11Z" finished-at="2019-03-26T06:37:11Z">
    <groups>
    </groups>
    <test name="Simple Test" duration-ms="50" started-at="2019-03-26T06:37:11Z" finished-at="2019-03-26T06:37:11Z">
      <class name="MavenIntegration.NewTest01">
        <test-method status="PASS" signature="f()[pri:0, instance:MavenIntegration.NewTest01@6ea6d14e]" name="f" duration-ms="14" started-at="2019-03-26T12:07:11Z" finished-at="2019-03-26T12:07:11Z">
          <reporter-output>
          </reporter-output>
        </test-method> <!-- f -->
      </class> <!-- MavenIntegration.NewTest01 -->
    </test> <!-- Simple Test -->
  </suite> <!-- Example test run -->
</testng-results>
